Circuit: CIRCUIT D:\INGEGNERIA\Microelectronics\Microwind4Cav\TSPC_FA.MSK

Model "p1": Oxide thickness thinner than recommended for a level 3 MOSFET.
WARNING: Node 4 is floating.

WARNING: Less than two connections to node 1.  This node is used by VDD.
Instance "mp1": Length shorter than recommended for a level 3 MOSFET.
.step vsg=0
.step vsg=0.1
.step vsg=0.2
.step vsg=0.3
.step vsg=0.4
.step vsg=0.5
.step vsg=0.6
.step vsg=0.7
.step vsg=0.8
.step vsg=0.9
.step vsg=1
.step vsg=1.1
.step vsg=1.2

Date: Tue Oct 24 21:46:31 2017
Total elapsed time: 0.168 seconds.

tnom = 27
temp = 27
method = trap
totiter = 3167
traniter = 0
tranpoints = 0
accept = 0
rejected = 0
matrix size = 7
fillins = 0
solver = Normal
Matrix Compiler1: 348 bytes object code size  0.2/0.1/[0.1]
Matrix Compiler2: off  [0.1]/0.1/0.1


